[    0.000000] Initializing cgroup subsys cpuset
[    0.000000] Initializing cgroup subsys cpu
[    0.000000] Initializing cgroup subsys cpuacct
[    0.000000] Linux version 4.4.0-97-generic (buildd@lcy01-33) (gcc version 5.4.0 20160609 (Ubuntu 5.4.0-6ubuntu1~16.04.4) ) #120-Ubuntu SMP Tue Sep 19 17:28:18 UTC 2017 (Ubuntu 4.4.0-97.120-generic 4.4.87)
[    0.000000] Command line: BOOT_IMAGE=/boot/vmlinuz-4.4.0-97-generic root=LABEL=cloudimg-rootfs ro console=tty1 console=ttyS0
[    0.000000] KERNEL supported cpus:
[    0.000000]   Intel GenuineIntel
[    0.000000]   AMD AuthenticAMD
[    0.000000]   Centaur CentaurHauls
[    0.000000] x86/fpu: xstate_offset[2]:  576, xstate_sizes[2]:  256
[    0.000000] x86/fpu: Supporting XSAVE feature 0x01: 'x87 floating point registers'
[    0.000000] x86/fpu: Supporting XSAVE feature 0x02: 'SSE registers'
[    0.000000] x86/fpu: Supporting XSAVE feature 0x04: 'AVX registers'
[    0.000000] x86/fpu: Enabled xstate features 0x7, context size is 832 bytes, using 'standard' format.
[    0.000000] x86/fpu: Using 'lazy' FPU context switches.
[    0.000000] e820: BIOS-provided physical RAM map:
[    0.000000] BIOS-e820: [mem 0x0000000000000000-0x000000000009fbff] usable
[    0.000000] BIOS-e820: [mem 0x000000000009fc00-0x000000000009ffff] reserved
[    0.000000] BIOS-e820: [mem 0x00000000000f0000-0x00000000000fffff] reserved
[    0.000000] BIOS-e820: [mem 0x0000000000100000-0x000000007ffeffff] usable
[    0.000000] BIOS-e820: [mem 0x000000007fff0000-0x000000007fffffff] ACPI data
[    0.000000] BIOS-e820: [mem 0x00000000fec00000-0x00000000fec00fff] reserved
[    0.000000] BIOS-e820: [mem 0x00000000fee00000-0x00000000fee00fff] reserved
[    0.000000] BIOS-e820: [mem 0x00000000fffc0000-0x00000000ffffffff] reserved
[    0.000000] NX (Execute Disable) protection: active
[    0.000000] SMBIOS 2.5 present.
[    0.000000] Hypervisor detected: KVM
[    0.000000] e820: last_pfn = 0x7fff0 max_arch_pfn = 0x400000000
[    0.000000] MTRR: Disabled
[    0.000000] x86/PAT: MTRRs disabled, skipping PAT initialization too.
[    0.000000] CPU MTRRs all blank - virtualized system.
[    0.000000] x86/PAT: Configuration [0-7]: WB  WT  UC- UC  WB  WT  UC- UC  
[    0.000000] found SMP MP-table at [mem 0x0009fff0-0x0009ffff] mapped at [ffff88000009fff0]
[    0.000000] Scanning 1 areas for low memory corruption
[    0.000000] RAMDISK: [mem 0x36adc000-0x37565fff]
[    0.000000] ACPI: Early table checksum verification disabled
[    0.000000] ACPI: RSDP 0x00000000000E0000 000024 (v02 VBOX  )
[    0.000000] ACPI: XSDT 0x000000007FFF0030 00003C (v01 VBOX   VBOXXSDT 00000001 ASL  00000061)
[    0.000000] ACPI: FACP 0x000000007FFF00F0 0000F4 (v04 VBOX   VBOXFACP 00000001 ASL  00000061)
[    0.000000] ACPI: DSDT 0x000000007FFF0470 0021FF (v02 VBOX   VBOXBIOS 00000002 INTL 20100528)
[    0.000000] ACPI: FACS 0x000000007FFF0200 000040
[    0.000000] ACPI: FACS 0x000000007FFF0200 000040
[    0.000000] ACPI: APIC 0x000000007FFF0240 00005C (v02 VBOX   VBOXAPIC 00000001 ASL  00000061)
[    0.000000] ACPI: SSDT 0x000000007FFF02A0 0001CC (v01 VBOX   VBOXCPUT 00000002 INTL 20100528)
[    0.000000] No NUMA configuration found
[    0.000000] Faking a node at [mem 0x0000000000000000-0x000000007ffeffff]
[    0.000000] NODE_DATA(0) allocated [mem 0x7ffeb000-0x7ffeffff]
[    0.000000] kvm-clock: Using msrs 4b564d01 and 4b564d00
[    0.000000] kvm-clock: cpu 0, msr 0:7ffe3001, primary cpu clock
[    0.000000] kvm-clock: using sched offset of 3076249299 cycles
[    0.000000] clocksource: kvm-clock: mask: 0xffffffffffffffff max_cycles: 0x1cd42e4dffb, max_idle_ns: 881590591483 ns
[    0.000000] Zone ranges:
[    0.000000]   DMA      [mem 0x0000000000001000-0x0000000000ffffff]
[    0.000000]   DMA32    [mem 0x0000000001000000-0x000000007ffeffff]
[    0.000000]   Normal   empty
[    0.000000]   Device   empty
[    0.000000] Movable zone start for each node
[    0.000000] Early memory node ranges
[    0.000000]   node   0: [mem 0x0000000000001000-0x000000000009efff]
[    0.000000]   node   0: [mem 0x0000000000100000-0x000000007ffeffff]
[    0.000000] Initmem setup node 0 [mem 0x0000000000001000-0x000000007ffeffff]
[    0.000000] ACPI: PM-Timer IO Port: 0x4008
[    0.000000] IOAPIC[0]: apic_id 2, version 32, address 0xfec00000, GSI 0-23
[    0.000000] ACPI: INT_SRC_OVR (bus 0 bus_irq 0 global_irq 2 dfl dfl)
[    0.000000] ACPI: INT_SRC_OVR (bus 0 bus_irq 9 global_irq 9 high level)
[    0.000000] Using ACPI (MADT) for SMP configuration information
[    0.000000] smpboot: Allowing 2 CPUs, 0 hotplug CPUs
[    0.000000] PM: Registered nosave memory: [mem 0x00000000-0x00000fff]
[    0.000000] PM: Registered nosave memory: [mem 0x0009f000-0x0009ffff]
[    0.000000] PM: Registered nosave memory: [mem 0x000a0000-0x000effff]
[    0.000000] PM: Registered nosave memory: [mem 0x000f0000-0x000fffff]
[    0.000000] e820: [mem 0x80000000-0xfebfffff] available for PCI devices
[    0.000000] Booting paravirtualized kernel on KVM
[    0.000000] clocksource: refined-jiffies: mask: 0xffffffff max_cycles: 0xffffffff, max_idle_ns: 7645519600211568 ns
[    0.000000] setup_percpu: NR_CPUS:512 nr_cpumask_bits:512 nr_cpu_ids:2 nr_node_ids:1
[    0.000000] PERCPU: Embedded 34 pages/cpu @ffff88007fc00000 s98328 r8192 d32744 u1048576
[    0.000000] PV qspinlock hash table entries: 256 (order: 0, 4096 bytes)
[    0.000000] Built 1 zonelists in Node order, mobility grouping on.  Total pages: 515961
[    0.000000] Policy zone: DMA32
[    0.000000] Kernel command line: BOOT_IMAGE=/boot/vmlinuz-4.4.0-97-generic root=LABEL=cloudimg-rootfs ro console=tty1 console=ttyS0
[    0.000000] PID hash table entries: 4096 (order: 3, 32768 bytes)
[    0.000000] Memory: 2033964K/2096696K available (8480K kernel code, 1294K rwdata, 3984K rodata, 1492K init, 1316K bss, 62732K reserved, 0K cma-reserved)
[    0.000000] SLUB: HWalign=64, Order=0-3, MinObjects=0, CPUs=2, Nodes=1
[    0.000000] Hierarchical RCU implementation.
[    0.000000] 	Build-time adjustment of leaf fanout to 64.
[    0.000000] 	RCU restricting CPUs from NR_CPUS=512 to nr_cpu_ids=2.
[    0.000000] RCU: Adjusting geometry for rcu_fanout_leaf=64, nr_cpu_ids=2
[    0.000000] NR_IRQS:33024 nr_irqs:440 16
[    0.000000] Console: colour VGA+ 80x25
[    0.000000] console [tty1] enabled
[    0.000000] console [ttyS0] enabled
[    0.000000] tsc: Detected 2294.770 MHz processor
[    3.583772] Calibrating delay loop (skipped) preset value.. 4589.54 BogoMIPS (lpj=9179080)
[    3.599759] pid_max: default: 32768 minimum: 301
[    3.658858] ACPI: Core revision 20150930
[    3.675267] ACPI: 2 ACPI AML tables successfully acquired and loaded
[    3.692450] Security Framework initialized
[    3.719333] Yama: becoming mindful.
[    3.744632] AppArmor: AppArmor initialized
[    3.778995] Dentry cache hash table entries: 262144 (order: 9, 2097152 bytes)
[    3.783102] Inode-cache hash table entries: 131072 (order: 8, 1048576 bytes)
[    3.802447] Mount-cache hash table entries: 4096 (order: 3, 32768 bytes)
[    3.842258] Mountpoint-cache hash table entries: 4096 (order: 3, 32768 bytes)
[    3.872723] Initializing cgroup subsys io
[    3.880652] Initializing cgroup subsys memory
[    3.914648] Initializing cgroup subsys devices
[    3.925579] Initializing cgroup subsys freezer
[    3.937665] Initializing cgroup subsys net_cls
[    3.961536] Initializing cgroup subsys perf_event
[    3.984276] Initializing cgroup subsys net_prio
[    4.023711] Initializing cgroup subsys hugetlb
[    4.060125] Initializing cgroup subsys pids
[    4.072245] CPU: Physical Processor ID: 0
[    4.125813] CPU: Processor Core ID: 0
[    4.153518] mce: CPU supports 0 MCE banks
[    4.203110] Last level iTLB entries: 4KB 512, 2MB 8, 4MB 8
[    4.251260] Last level dTLB entries: 4KB 512, 2MB 32, 4MB 32, 1GB 0
[    4.277058] Freeing SMP alternatives memory: 32K
[    4.303013] ftrace: allocating 32148 entries in 126 pages
[    4.369486] smpboot: APIC(0) Converting physical 0 to logical package 0
[    4.385649] smpboot: Max logical packages: 1
[    4.421039] x2apic enabled
[    4.454512] Switched APIC routing to physical x2apic.
[    4.544544] ..TIMER: vector=0x30 apic1=0 pin1=2 apic2=-1 pin2=-1
[    4.706252] smpboot: CPU0: Intel(R) Core(TM) i7-3615QM CPU @ 2.30GHz (family: 0x6, model: 0x3a, stepping: 0x9)
[    4.844831] Performance Events: unsupported p6 CPU model 58 no PMU driver, software events only.
[    4.926819] KVM setup paravirtual spinlock
[    4.963074] x86: Booting SMP configuration:
[    5.009504] .... node  #0, CPUs:      #1
[    5.053901] kvm-clock: cpu 1, msr 0:7ffe3041, secondary cpu clock
[    5.227102] mce: CPU supports 0 MCE banks
[    5.312590] x86: Booted up 1 node, 2 CPUs
[    5.351243] smpboot: Total of 2 processors activated (9179.08 BogoMIPS)
[    5.404971] devtmpfs: initialized
[    5.444027] evm: security.selinux
[    5.474260] evm: security.SMACK64
[    5.481700] evm: security.SMACK64EXEC
[    5.498854] evm: security.SMACK64TRANSMUTE
[    5.589528] evm: security.SMACK64MMAP
[    5.628429] evm: security.ima
[    5.682658] evm: security.capability
[    5.740351] clocksource: jiffies: mask: 0xffffffff max_cycles: 0xffffffff, max_idle_ns: 7645041785100000 ns
[    5.820619] futex hash table entries: 512 (order: 3, 32768 bytes)
[    5.903042] pinctrl core: initialized pinctrl subsystem
[    5.972852] RTC time: 15:48:17, date: 01/16/18
[    6.053759] NET: Registered protocol family 16
[    6.098445] cpuidle: using governor ladder
[    6.122905] cpuidle: using governor menu
[    6.143871] PCCT header not found.
[    6.157663] ACPI: bus type PCI registered
[    6.158626] acpiphp: ACPI Hot Plug PCI Controller Driver version: 0.5
[    6.212630] PCI: Using configuration type 1 for base access
[    6.271861] ACPI: Added _OSI(Module Device)
[    6.278517] ACPI: Added _OSI(Processor Device)
[    6.286319] ACPI: Added _OSI(3.0 _SCP Extensions)
[    6.347120] ACPI: Added _OSI(Processor Aggregator Device)
[    6.405719] ACPI: Executed 1 blocks of module-level executable AML code
[    6.474801] ACPI: Interpreter enabled
[    6.524587] ACPI: (supports S0 S5)
[    6.541871] ACPI: Using IOAPIC for interrupt routing
[    6.550691] PCI: Using host bridge windows from ACPI; if necessary, use "pci=nocrs" and report a bug
[    6.660111] ACPI: PCI Root Bridge [PCI0] (domain 0000 [bus 00-ff])
[    6.719626] acpi PNP0A03:00: _OSC: OS supports [ASPM ClockPM Segments MSI]
[    6.741137] acpi PNP0A03:00: _OSC: not requesting OS control; OS requires [ExtendedConfig ASPM ClockPM MSI]
[    6.867941] acpi PNP0A03:00: fail to add MMCONFIG information, can't access extended PCI configuration space under this bridge.
[    7.024410] PCI host bridge to bus 0000:00
[    7.097570] pci_bus 0000:00: root bus resource [io  0x0000-0x0cf7 window]
[    7.177113] pci_bus 0000:00: root bus resource [io  0x0d00-0xffff window]
[    7.192090] pci_bus 0000:00: root bus resource [mem 0x000a0000-0x000bffff window]
[    7.237783] pci_bus 0000:00: root bus resource [mem 0x80000000-0xffdfffff window]
[    7.265678] pci_bus 0000:00: root bus resource [bus 00-ff]
[    7.290870] pci 0000:00:01.1: legacy IDE quirk: reg 0x10: [io  0x01f0-0x01f7]
[    7.312042] pci 0000:00:01.1: legacy IDE quirk: reg 0x14: [io  0x03f6]
[    7.382914] pci 0000:00:01.1: legacy IDE quirk: reg 0x18: [io  0x0170-0x0177]
[    7.393171] pci 0000:00:01.1: legacy IDE quirk: reg 0x1c: [io  0x0376]
[    7.466043] pci 0000:00:07.0: quirk: [io  0x4000-0x403f] claimed by PIIX4 ACPI
[    7.504133] pci 0000:00:07.0: quirk: [io  0x4100-0x410f] claimed by PIIX4 SMB
[    7.547986] ACPI: PCI Interrupt Link [LNKA] (IRQs 5 9 10 *11)
[    7.593878] ACPI: PCI Interrupt Link [LNKB] (IRQs 5 9 10 *11)
[    7.664845] ACPI: PCI Interrupt Link [LNKC] (IRQs 5 9 *10 11)
[    7.679485] ACPI: PCI Interrupt Link [LNKD] (IRQs 5 *9 10 11)
[    7.713172] ACPI: Enabled 2 GPEs in block 00 to 07
[    7.758729] vgaarb: setting as boot device: PCI:0000:00:02.0
[    7.804185] vgaarb: device added: PCI:0000:00:02.0,decodes=io+mem,owns=io+mem,locks=none
[    7.889275] vgaarb: loaded
[    7.923580] vgaarb: bridge control possible 0000:00:02.0
[    8.000287] SCSI subsystem initialized
[    8.024853] ACPI: bus type USB registered
[    8.031421] usbcore: registered new interface driver usbfs
[    8.083865] usbcore: registered new interface driver hub
[    8.124005] usbcore: registered new device driver usb
[    8.157127] PCI: Using ACPI for IRQ routing
[    8.175413] NetLabel: Initializing
[    8.194564] NetLabel:  domain hash size = 128
[    8.222303] NetLabel:  protocols = UNLABELED CIPSOv4
[    8.262285] NetLabel:  unlabeled traffic allowed by default
[    8.263725] amd_nb: Cannot enumerate AMD northbridges
[    8.297360] clocksource: Switched to clocksource kvm-clock
[    8.318687] AppArmor: AppArmor Filesystem Enabled
[    8.382282] pnp: PnP ACPI init
[    8.408508] pnp: PnP ACPI: found 3 devices
[    8.435392] clocksource: acpi_pm: mask: 0xffffff max_cycles: 0xffffff, max_idle_ns: 2085701024 ns
[    8.525809] NET: Registered protocol family 2
[    8.542743] TCP established hash table entries: 16384 (order: 5, 131072 bytes)
[    8.549983] TCP bind hash table entries: 16384 (order: 6, 262144 bytes)
[    8.595771] TCP: Hash tables configured (established 16384 bind 16384)
[    8.628261] UDP hash table entries: 1024 (order: 3, 32768 bytes)
[    8.660483] UDP-Lite hash table entries: 1024 (order: 3, 32768 bytes)
[    8.692249] NET: Registered protocol family 1
[    8.743943] pci 0000:00:00.0: Limiting direct PCI/PCI transfers
[    8.799290] pci 0000:00:01.0: Activating ISA DMA hang workarounds
[    8.822323] Unpacking initramfs...
[   10.722154] Freeing initrd memory: 10792K
[   10.754932] RAPL PMU detected, API unit is 2^-32 Joules, 3 fixed counters 10737418240 ms ovfl timer
[   10.844557] hw unit of domain pp0-core 2^-0 Joules
[   10.871864] hw unit of domain package 2^-0 Joules
[   10.899851] hw unit of domain pp1-gpu 2^-0 Joules
[   10.944006] platform rtc_cmos: registered platform RTC device (no PNP device found)
[   11.023894] Scanning for low memory corruption every 60 seconds
[   11.084973] audit: initializing netlink subsys (disabled)
[   11.154382] audit: type=2000 audit(1516117699.273:1): initialized
[   11.302589] Initialise system trusted keyring
[   11.354781] HugeTLB registered 2 MB page size, pre-allocated 0 pages
[   11.436764] zbud: loaded
[   11.497967] VFS: Disk quotas dquot_6.6.0
[   11.515114] VFS: Dquot-cache hash table entries: 512 (order 0, 4096 bytes)
[   11.555132] squashfs: version 4.0 (2009/01/31) Phillip Lougher
[   11.561810] fuse init (API version 7.23)
[   11.701477] Key type big_key registered
[   11.723340] Allocating IMA MOK and blacklist keyrings.
[   11.738322] Key type asymmetric registered
[   11.753458] Asymmetric key parser 'x509' registered
[   11.766334] Block layer SCSI generic (bsg) driver version 0.4 loaded (major 249)
[   11.788171] io scheduler noop registered
[   11.799593] io scheduler deadline registered (default)
[   11.807715] io scheduler cfq registered
[   11.815785] pci_hotplug: PCI Hot Plug PCI Core version: 0.5
[   11.829976] pciehp: PCI Express Hot Plug Controller Driver version: 0.4
[   11.884631] ACPI: AC Adapter [AC] (on-line)
[   11.893036] input: Power Button as /devices/LNXSYSTM:00/LNXPWRBN:00/input/input0
[   11.927272] ACPI: Power Button [PWRF]
[   11.941824] tsc: Refined TSC clocksource calibration: 2293.812 MHz
[   11.941827] clocksource: tsc: mask: 0xffffffffffffffff max_cycles: 0x21105f7e88b, max_idle_ns: 440795226528 ns
[   11.948526] input: Sleep Button as /devices/LNXSYSTM:00/LNXSLPBN:00/input/input1
[   12.094359] ACPI: Sleep Button [SLPF]
[   12.115750] ACPI: Battery Slot [BAT0] (battery present)
[   12.160938] GHES: HEST is not enabled!
[   12.165179] Serial: 8250/16550 driver, 32 ports, IRQ sharing enabled
[   12.194480] 00:02: ttyS0 at I/O 0x3f8 (irq = 4, base_baud = 115200) is a 16550A
[   12.216917] Linux agpgart interface v0.103
[   12.226203] loop: module loaded
[   12.264918] scsi host0: ata_piix
[   12.274740] scsi host1: ata_piix
[   12.294826] ata1: PATA max UDMA/33 cmd 0x1f0 ctl 0x3f6 bmdma 0xd000 irq 14
[   12.346145] ata2: PATA max UDMA/33 cmd 0x170 ctl 0x376 bmdma 0xd008 irq 15
[   12.363785] libphy: Fixed MDIO Bus: probed
[   12.409349] tun: Universal TUN/TAP device driver, 1.6
[   12.410813] tun: (C) 1999-2004 Max Krasnyansky <maxk@qualcomm.com>
[   12.421429] PPP generic driver version 2.4.2
[   12.504655] ehci_hcd: USB 2.0 'Enhanced' Host Controller (EHCI) Driver
[   12.594437] ehci-pci: EHCI PCI platform driver
[   12.612743] ehci-platform: EHCI generic platform driver
[   12.674320] ohci_hcd: USB 1.1 'Open' Host Controller (OHCI) Driver
[   12.685274] ohci-pci: OHCI PCI platform driver
[   12.709500] ohci-platform: OHCI generic platform driver
[   12.722302] uhci_hcd: USB Universal Host Controller Interface driver
[   12.743035] i8042: PNP: PS/2 Controller [PNP0303:PS2K,PNP0f03:PS2M] at 0x60,0x64 irq 1,12
[   12.758460] serio: i8042 KBD port at 0x60,0x64 irq 1
[   12.770836] serio: i8042 AUX port at 0x60,0x64 irq 12
[   12.785123] mousedev: PS/2 mouse device common for all mice
[   12.809228] rtc_cmos rtc_cmos: rtc core: registered rtc_cmos as rtc0
[   12.844918] input: AT Translated Set 2 keyboard as /devices/platform/i8042/serio0/input/input2
[   12.878986] rtc_cmos rtc_cmos: alarms up to one day, 114 bytes nvram
[   12.890702] i2c /dev entries driver
[   12.895599] device-mapper: uevent: version 1.0.3
[   12.916193] device-mapper: ioctl: 4.34.0-ioctl (2015-10-28) initialised: dm-devel@redhat.com
[   12.977639] ledtrig-cpu: registered to indicate activity on CPUs
[   13.020995] NET: Registered protocol family 10
[   13.041236] NET: Registered protocol family 17
[   13.042474] Key type dns_resolver registered
[   13.049980] microcode: CPU0 sig=0x306a9, pf=0x2, revision=0x19
[   13.084372] microcode: CPU1 sig=0x306a9, pf=0x2, revision=0x19
[   13.091759] microcode: Microcode Update Driver: v2.01 <tigran@aivazian.fsnet.co.uk>, Peter Oruba
[   13.121050] registered taskstats version 1
[   13.184788] Loading compiled-in X.509 certificates
[   13.191998] Loaded X.509 cert 'Build time autogenerated kernel key: d1010f9627fd9242df4b03365d2931dfd1ad3d42'
[   13.302117] zswap: loaded using pool lzo/zbud
[   13.316501] Key type trusted registered
[   13.347219] Key type encrypted registered
[   13.431331] AppArmor: AppArmor sha1 policy hashing enabled
[   13.434926] ima: No TPM chip found, activating TPM-bypass!
[   13.464494] evm: HMAC attrs: 0x1
[   13.472407]   Magic number: 2:549:841
[   13.520637] rtc_cmos rtc_cmos: setting system clock to 2018-01-16 15:48:24 UTC (1516117704)
[   13.650489] BIOS EDD facility v0.16 2004-Jun-25, 0 devices found
[   13.749941] EDD information not available.
[   13.809593] Freeing unused kernel memory: 1492K
[   13.817231] Write protecting the kernel read-only data: 14336k
[   13.824549] Freeing unused kernel memory: 1748K
[   13.827068] Freeing unused kernel memory: 112K
Loading, please wait...
starting version[   13.840423] random: systemd-udevd: uninitialized urandom read (16 bytes read, 4 bits of entropy available)
 229
[   13.840996] random: udevadm: uninitialized urandom read (16 bytes read, 4 bits of entropy available)
[   13.841036] random: udevadm: uninitialized urandom read (16 bytes read, 4 bits of entropy available)
[   13.841173] random: udevadm: uninitialized urandom read (16 bytes read, 4 bits of entropy available)
[   13.841224] random: udevadm: uninitialized urandom read (16 bytes read, 4 bits of entropy available)
[   13.841275] random: udevadm: uninitialized urandom read (16 bytes read, 4 bits of entropy available)
[   13.841328] random: udevadm: uninitialized urandom read (16 bytes read, 4 bits of entropy available)
[   13.841432] random: udevadm: uninitialized urandom read (16 bytes read, 4 bits of entropy available)
[   13.841486] random: udevadm: uninitialized urandom read (16 bytes read, 4 bits of entropy available)
[   13.841543] random: udevadm: uninitialized urandom read (16 bytes read, 4 bits of entropy available)
[   14.350226] Fusion MPT base driver 3.04.20
[   14.389026] Copyright (c) 1999-2008 LSI Corporation
[   14.503172] e1000: Intel(R) PRO/1000 Network Driver - version 7.3.21-k8-NAPI
[   14.540438] e1000: Copyright (c) 1999-2006 Intel Corporation.
[   14.691416] Fusion MPT SPI Host driver 3.04.20
[   14.767439] input: ImExPS/2 Generic Explorer Mouse as /devices/platform/i8042/serio1/input/input4
[   14.978181] AVX version of gcm_enc/dec engaged.
[   15.053009] AES CTR mode by8 optimization enabled
[   15.350115] e1000 0000:00:03.0 eth0: (PCI:33MHz:32-bit) 02:14:68:3e:84:47
[   15.367791] e1000 0000:00:03.0 eth0: Intel(R) PRO/1000 Network Connection
[   15.370039] mptbase: ioc0: Initiating bringup
[   15.370389] e1000 0000:00:03.0 enp0s3: renamed from eth0
[   15.710727] ioc0: LSI53C1030 A0: Capabilities={Initiator}
[   15.955175] scsi host2: ioc0: LSI53C1030 A0, FwRev=00000000h, Ports=1, MaxQ=256, IRQ=20
[   16.081677] scsi 2:0:0:0: Direct-Access     VBOX     HARDDISK         1.0  PQ: 0 ANSI: 5
[   16.154529] scsi target2:0:0: Beginning Domain Validation
[   16.295803] scsi target2:0:0: Domain Validation skipping write tests
[   16.319411] scsi target2:0:0: Ending Domain Validation
[   16.328048] scsi target2:0:0: asynchronous
[   16.354822] scsi 2:0:1:0: Direct-Access     VBOX     HARDDISK         1.0  PQ: 0 ANSI: 5
[   16.384611] scsi target2:0:1: Beginning Domain Validation
[   16.397521] scsi target2:0:1: Domain Validation skipping write tests
[   16.475087] scsi target2:0:1: Ending Domain Validation
[   16.584577] scsi target2:0:1: asynchronous
[   16.643191] sd 2:0:0:0: Attached scsi generic sg0 type 0
[   16.644560] sd 2:0:0:0: [sda] 20971520 512-byte logical blocks: (10.7 GB/10.0 GiB)
[   16.656253] sd 2:0:1:0: Attached scsi generic sg1 type 0
[   16.656683] sd 2:0:1:0: [sdb] 20480 512-byte logical blocks: (10.5 MB/10.0 MiB)
[   16.656741] sd 2:0:0:0: [sda] Write Protect is off
[   16.656809] sd 2:0:1:0: [sdb] Write Protect is off
[   16.656823] sd 2:0:0:0: [sda] Incomplete mode parameter data
[   16.656824] sd 2:0:0:0: [sda] Assuming drive cache: write through
[   16.656896] sd 2:0:1:0: [sdb] Incomplete mode parameter data
[   16.656897] sd 2:0:1:0: [sdb] Assuming drive cache: write through
[   16.750975]  sda: sda1
[   16.751895] sd 2:0:1:0: [sdb] Attached SCSI disk
[   16.752308] sd 2:0:0:0: [sda] Attached SCSI disk
[   17.509506] floppy0: no floppy controllers found
Begin: Loading e[   18.901666] md: linear personality registered for level -1
ssential drivers[   18.923603] md: multipath personality registered for level -4
 ... [   18.943891] md: raid0 personality registered for level 0
[   19.034004] md: raid1 personality registered for level 1
[   19.141405] raid6: sse2x1   gen()  8275 MB/s
[   19.253436] raid6: sse2x1   xor()  6540 MB/s
[   19.329766] raid6: sse2x2   gen() 10401 MB/s
[   19.477569] raid6: sse2x2   xor()  7014 MB/s
[   19.549461] raid6: sse2x4   gen() 12152 MB/s
[   19.661687] raid6: sse2x4   xor()  8799 MB/s
[   19.682852] raid6: using algorithm sse2x4 gen() 12152 MB/s
[   19.712084] raid6: .... xor() 8799 MB/s, rmw enabled
[   19.749945] raid6: using ssse3x2 recovery algorithm
[   19.776969] xor: automatically using best checksumming function:
[   19.837947]    avx       : 20745.000 MB/sec
[   19.872763] async_tx: api initialized (async)
[   19.913740] md: raid6 personality registered for level 6
[   19.986419] md: raid5 personality registered for level 5
[   20.017812] md: raid4 personality registered for level 4
[   20.034105] md: raid10 personality registered for level 10
done.
Begin: Running /scripts/init-premount ... done.
Begin: M[   20.202060] Btrfs loaded
ounting root file system ... Begin: Running /scripts/local-top ... done.
Begin: Running /scripts/local-premount ... Scanning for Btrfs filesystems
done.
Warning: fsck not present, so skipping root file system
[   20.344066] EXT4-fs (sda1): mounted filesystem with ordered data mode. Opts: (null)
done.
Begin: Running /scripts/local-bottom ... done.
Begin: Running /scripts/init-bottom ... done.
[   20.632236] systemd[1]: systemd 229 running in system mode. (+PAM +AUDIT +SELINUX +IMA +APPARMOR +SMACK +SYSVINIT +UTMP +LIBCRYPTSETUP +GCRYPT +GNUTLS +ACL +XZ -LZ4 +SECCOMP +BLKID +ELFUTILS +KMOD -IDN)
[   20.753902] systemd[1]: Detected virtualization oracle.
[   20.756358] systemd[1]: Detected architecture x86-64.

Welcome to [1mUbuntu 16.04.3 LTS[0m!

[   20.865929] systemd[1]: Set hostname to <ubuntu>.
[   20.920707] systemd[1]: Initializing machine ID from random generator.
[   20.924589] systemd[1]: Installed transient /etc/machine-id file.
[   21.048473] systemd[1]: Listening on /dev/initctl Compatibility Named Pipe.
[[0;32m  OK  [0m] Listening on /dev/initctl Compatibility Named Pipe.
[   21.202104] systemd[1]: Listening on udev Kernel Socket.
[[0;32m  OK  [0m] Listening on udev Kernel Socket.
[   21.254024] systemd[1]: Started Trigger resolvconf update for networkd DNS.
[[0;32m  OK  [0m] Started Trigger resolvconf update for networkd DNS.
[   21.401950] systemd[1]: Listening on Device-mapper event daemon FIFOs.
[[0;32m  OK  [0m] Listening on Device-mapper event daemon FIFOs.
[   21.546568] systemd[1]: Listening on LVM2 metadata daemon socket.
[[0;32m  OK  [0m] Listening on LVM2 metadata daemon socket.
[   21.625929] systemd[1]: Reached target Encrypted Volumes.
[[0;32m  OK  [0m] Reached target Encrypted Volumes.
[   21.706047] systemd[1]: Listening on udev Control Socket.
[[0;32m  OK  [0m] Listening on udev Control Socket.
[   21.810017] systemd[1]: Set up automount Arbitrary Executable File Formats File System Automount Point.
[[0;32m  OK  [0m] Set up automount Arbitrary Executab...ats File System Automount Point.
[   21.867781] systemd[1]: Listening on Journal Audit Socket.
[[0;32m  OK  [0m] Listening on Journal Audit Socket.
[   21.906229] systemd[1]: Created slice User and Session Slice.
[[0;32m  OK  [0m] Created slice User and Session Slice.
[   21.973767] systemd[1]: Listening on Syslog Socket.
[[0;32m  OK  [0m] Listening on Syslog Socket.
[   22.037793] systemd[1]: Reached target Swap.
[[0;32m  OK  [0m] Reached target Swap.
[   22.069873] systemd[1]: Listening on LVM2 poll daemon socket.
[[0;32m  OK  [0m] Listening on LVM2 poll daemon socket.
[   22.198037] systemd[1]: Started Forward Password Requests to Wall Directory Watch.
[[0;32m  OK  [0m] Started Forward Password Requests to Wall Directory Watch.
[   22.282016] systemd[1]: Listening on Journal Socket (/dev/log).
[[0;32m  OK  [0m] Listening on Journal Socket (/dev/log).
[   22.318150] systemd[1]: Created slice System Slice.
[[0;32m  OK  [0m] Created slice System Slice.
[   22.365907] systemd[1]: Reached target Slices.
[[0;32m  OK  [0m] Reached target Slices.
[   22.390219] systemd[1]: Created slice system-serial\x2dgetty.slice.
[[0;32m  OK  [0m] Created slice system-serial\x2dgetty.slice.
[   22.461780] systemd[1]: Reached target User and Group Name Lookups.
[[0;32m  OK  [0m] Reached target User and Group Name Lookups.
[   22.511278] systemd[1]: Listening on Journal Socket.
[[0;32m  OK  [0m] Listening on Journal Socket.
[   22.549704] systemd[1]: Starting Create list of required static device nodes for the current kernel...
         Starting Create list of required st... nodes for the current kernel...
[   22.630706] systemd[1]: Starting Journal Service...
         Starting Journal Service...
[   22.741820] systemd[1]: Mounting POSIX Message Queue File System...
[   22.803293] random: nonblocking pool is initialized
         Mounting POSIX Message Queue File System...
[   22.881936] systemd[1]: Starting Remount Root and Kernel File Systems...
         [   22.968729] EXT4-fs (sda1): re-mounted. Opts: (null)
Starting Remount Root and Kernel File Systems...
[   23.121610] systemd[1]: Starting Uncomplicated firewall...
         Starting Uncomplicated firewall...
[   23.193681] systemd[1]: Mounting Debug File System...
         Mounting Debug File System...
[   23.222545] systemd[1]: Starting Set console keymap...
         Starting Set console keymap...
[   23.346156] systemd[1]: Mounting Huge Pages File System...
         Mounting Huge Pages File System...
[   23.453881] systemd[1]: Starting Monitoring of LVM2 mirrors, snapshots etc. using dmeventd or progress polling...
         Starting Monitoring of LVM2 mirrors... dmeventd or progress polling...
[   23.678062] systemd[1]: Starting Load Kernel Modules...
         Starting Load Ke[   23.727828] Loading iSCSI transport class v2.0-870.
rnel Modules...[   23.777718] iscsi: registered transport (tcp)

[   23.830537] systemd[1]: Starting Nameserver information manager...
         Starting Nameserver information manager...
[   23.936427] iscsi: registered transport (iser)
[   23.972164] systemd[1]: Mounted Debug File System.
[[0;32m  OK  [0m] Mounted Debug File System.
[   24.013982] systemd[1]: Mounted Huge Pages File System.
[[0;32m  OK  [0m] Mounted Huge Pages File System.
[   24.153676] systemd[1]: Mounted POSIX Message Queue File System.
[[0;32m  OK  [0m] Mounted POSIX Message Queue File System.
[   24.167592] systemd[1]: Started Journal Service.
[[0;32m  OK  [0m] Started Journal Service.
[[0;32m  OK  [0m] Started Create list of required sta...ce nodes for the current kernel.
[[0;32m  OK  [0m] Started Remount Root and Kernel File Systems.
[[0;32m  OK  [0m] Started Uncomplicated firewall.
[[0;32m  OK  [0m] Started Set console keymap.
[[0;32m  OK  [0m] Started Load Kernel Modules.
[[0;32m  OK  [0m] Started Nameserver information manager.
[[0;32m  OK  [0m] Started LVM2 metadata daemon.
         Mounting FUSE Control File System...
         Starting Apply Kernel Variables...
         Starting Load/Save Random Seed...
         Starting udev Coldplug all Devices...
         Starting Initial cloud-init job (pre-networking)...
         Starting Create Static Device Nodes in /dev...
         Starting Flush Journal to Persistent Storage...
[[0;32m  OK  [0m] Mounted FUSE Control File System.
[[0;32m  OK  [0m] Started Apply Kernel Variables.
[[0;32m  OK  [0m] Started Load/Save Random Seed.
[[0;32m  OK  [0m] Started Create Static Device Nodes in /dev.
         Starting udev Kernel Device Manager...
[[0;32m  OK  [0m] Started Flush Journal to Persistent Storage.
[[0;32m  OK  [0m] Started udev Coldplug all Devices.
[[0;32m  OK  [0m] Started udev Kernel Device Manager.
[[0;32m  OK  [0m] Started Dispatch Password Requests to Console Directory Watch.
[[0;32m  OK  [0m] Found device /dev/ttyS0.
[[0;32m  OK  [0m] Started Monitoring of LVM2 mirrors,...ng dmeventd or progress polling.
[[0;32m  OK  [0m] Reached target Local File Systems (Pre).
[[0;32m  OK  [0m] Reached target Local File Systems.
         Starting Set console font and keymap...
         Starting LSB: AppArmor initialization...
         Starting Create Volatile Files and Directories...
         Starting Tell Plymouth To Write Out Runtime Data...
         Starting Commit a transient machine-id on disk...
[[0;32m  OK  [0m] Started Create Volatile Files and Directories.
[   18.085223] cloud-init[450]: Cloud-init v. 0.7.9 running 'init-local' at Tue, 16 Jan 2018 15:48:36 +0000. Up 17.74 seconds.
[[0;32m  OK  [0m] Started Tell Plymouth To Write Out Runtime Data.
[[0;32m  OK  [0m] Started Commit a transient machine-id on disk.
[[0;32m  OK  [0m] Started Initial cloud-init job (pre-networking).
[[0;32m  OK  [0m] Started Set console font and keymap.
[[0;32m  OK  [0m] Listening on Load/Save RF Kill Switch Status /dev/rfkill Watch.
[[0;32m  OK  [0m] Created slice system-getty.slice.
[[0;32m  OK  [0m] Reached target Network (Pre).
         Starting Update UTMP about System Boot/Shutdown...
[[0;32m  OK  [0m] Reached target System Time Synchronized.
[[0;32m  OK  [0m] Started Update UTMP about System Boot/Shutdown.
[[0;32m  OK  [0m] Started LSB: AppArmor initialization.
         Starting Raise network interfaces...
[[0;32m  OK  [0m] Started Raise network interfaces.
[[0;32m  OK  [0m] Reached target Network.
         Starting Initial cloud-init job (metadata service crawler)...
[   21.885047] cloud-init[925]: Cloud-init v. 0.7.9 running 'init' at Tue, 16 Jan 2018 15:48:39 +0000. Up 21.08 seconds.
[   21.936547] cloud-init[925]: ci-info: +++++++++++++++++++++++++++++++++++++Net device info++++++++++++++++++++++++++++++++++++++
[[0;32m  OK  [0m] Started Initial cloud-init job (metadata service crawler).
[[   21.986853] cloud-init[925]: ci-info: +--------+------+----------------------------+---------------+-------+-------------------+
[   22.018031] cloud-init[925]: ci-info: | Device |  Up  |          Address           |      Mask     | Scope |     Hw-Address    |
[0;32m  OK  [0m] Reached target System Initialization.
[   22.018165] cloud-init[925]: ci-info: +--------+------+----------------------------+---------------+-------+-------------------+
[   22.200395] cloud-init[925]: ci-info: | enp0s3 | True |         10.0.2.15          | 255.255.255.0 |   .   | 02:14:68:3e:84:47 |
[   22.200742] cloud-init[925]: ci-info: | enp0s3 | True | fe80::14:68ff:fe3e:8447/64 |       .       |  link | 02:14:68:3e:84:47 |
[[0;32m  OK  [0m] Started ACPI Events Check.
[   22.201039] cloud-init[925]: ci-info: |   lo   | True |         127.0.0.1          |   255.0.0.0   |   .   |         .         |
[   22.328932] cloud-init[925]: ci-info: |   lo   | True |          ::1/128           |       .       |  host |         .         |
[[0;32m  OK  [0m] Reached target Paths.
[   22.329198] cloud-init[925]: ci-info: +--------+------+----------------------------+---------------+-------+-------------------+
[   22.436898] cloud-init[925]: ci-info: +++++++++++++++++++++++++++Route IPv4 info++++++++++++++++++++++++++++
[[0;32m  OK  [0m] Listening on ACPID Listen Socket.
         [   22.437047] Starting Socket activation for snappy daemon.cloud-init
[925]: ci-info: +-------+-------------+----------+---------------+-----------+-------+
[   22.588641] cloud-init[925]: ci-info: | Route | Destination | Gateway  |    Genmask    | Interface | Flags |
[   22.589303] cloud-init[925]: ci-info: +-------+-------------+----------+---------------+-----------+-------+
[[0;32m  OK  [0m] Listening on D-Bus System Message Bus Socket.
[   22.589681] cloud-init[925]: ci-info: |   0   |   0.0.0.0   | 10.0.2.2 |    0.0.0.0    |   enp0s3  |   UG  |
[   22.715324] cloud-init[925]: ci-info: |   1   |   10.0.2.0  | 0.0.0.0  | 255.255.255.0 |   enp0s3  |   U   |
[   22.715686] cloud-init[925]: ci-info: +-------+-------------+----------+---------------+-----------+-------+
         Starting LXD - unix socket.
[[   22.715919] cloud-init[925]: Generating public/private rsa key pair.
[   22.806185] cloud-init[925]: Your identification has been saved in /etc/ssh/ssh_host_rsa_key.
[0;32m  OK  [0m] Started Daily Cleanup of Temporary Directories.
[[   22.806413] cloud-init[925]: Your public key has been saved in /etc/ssh/ssh_host_rsa_key.pub.
[0;32m  OK  [0m] Listening on UUID daemon activation socket.
[[   22.873263] cloud-init[925]: The key fingerprint is:
[   22.936972] cloud-init[925]: SHA256:mZBN5qYmgOo4Ejpi44m2c8DGJrIR8+1fonFr/WOPrPA root@ubuntu-xenial
[   22.937202] cloud-init[925]: The key's randomart image is:
[   22.937377] cloud-init[925]: +---[RSA 2048]----+
[   22.937571] cloud-init[925]: |        o        |
[   22.937751] cloud-init[925]: | .     *         |
[   22.937929] cloud-init[925]: |. .   o +        |
[   22.938120] cloud-init[925]: |+  .   + o       |
[   22.938307] cloud-init[925]: |=+ .. o S        |
[   22.938493] cloud-init[925]: |BB. .o           |
[   22.938676] cloud-init[925]: |%*... +..        |
[   22.938859] cloud-init[925]: |B=o..+.*..o.     |
[   22.939044] cloud-init[925]: |o++ .oo E++o.    |
[   22.939229] cloud-init[925]: +----[SHA256]-----+
[   22.939406] cloud-init[925]: Generating public/private dsa key pair.
[   22.939599] cloud-init[925]: Your identification has been saved in /etc/ssh/ssh_host_dsa_key.
[   22.939782] cloud-init[925]: Your public key has been saved in /etc/ssh/ssh_host_dsa_key.pub.
[   22.939967] cloud-init[925]: The key fingerprint is:
[   22.940342] cloud-init[925]: SHA256:38wRwsSgVFXL5w5ovKF8Ly55NqsBbc18C/OyhgpaAdM root@ubuntu-xenial
[   22.940523] cloud-init[925]: The key's randomart image is:
[   22.940718] cloud-init[925]: +---[DSA 1024]----+
[   22.940892] cloud-init[925]: |      ..o+o..    |
[   22.941079] cloud-init[925]: |   . . . o.. .   |
[0;32m  OK  [0m] Started Timer to automatically refresh installed snaps.
[[   22.941459] cloud-init[925]: |  o E .   o + .  |
[   23.401042] cloud-init[925]: |   o   . = o +   |
[0;32m  OK  [0m] Started Timer to automatically fetch and run repair assertions.
[[   23.401208] cloud-init[925]: |    . . S @ + .  |
[   23.473413] cloud-init[925]: |     . + + @ =   |
[0;32m  OK  [0m] Reached target Cloud-config availability.
[[   23.473528] cloud-init[925]: |    o   +o= * .  |
[   23.525034] cloud-init[925]: |   o .  +o*+     |
[   23.525218] cloud-init[925]: |  .   ...B++.    |
[0;32m  OK  [0m] Reached target Network is Online.
[[   23.525276] cloud-init[925]: +----[SHA256]-----+
[   23.601466] cloud-init[925]: Generating public/private ecdsa key pair.
[0;32m  OK  [0m] Started Daily apt download activities.
[   23.601598] cloud-init[925]: Your identification has been saved in /etc/ssh/ssh_host_ecdsa_key.
[   23.673040] cloud-init[925]: Your public key has been saved in /etc/ssh/ssh_host_ecdsa_key.pub.
[[0;32m  OK  [0m] Started Daily apt upgrade and clean activities.
[   23.673279] cloud-init[925]: The key fingerprint is:
[[0;32m  OK  [0m] Reached target Timers.
[   23.777046] cloud-init[925]: SHA256:1mRsDfZakTJccPmnuro3OBqedBy2miaYMRQsGo4jwko root@ubuntu-xenial
[   23.844456] cloud-init[925]: The key's randomart image is:
[   23.844986] cloud-init[925]: +---[ECDSA 256]---+
         Starting iSCSI initiator daemon (iscsid)...
[   23.845279] cloud-init[925]: |   .     .+o+o   |
[   23.888512] cloud-init[925]: |. . o    o+=o.   |
[   23.888877] cloud-init[925]: |+o . .    =o+.   |
[[0;32m  OK  [0m] Listening on Socket activation for snappy daemon.
[   23.889088] cloud-init[925]: |*E  .    = o  . .|
[   23.923039] cloud-init[925]: |=. .    S =    o |
[[0;32m  OK  [0m] Listening on LXD - unix socket.
[   23.923239] cloud-init[925]: |.   o  . o o  .  |
[   23.995389] cloud-init[925]: |     =  o +. .   |
[   24.010656] cloud-init[925]: |    o .o.*o +    |
[   24.011004] cloud-init[925]: |       o*.o=.o   |
[[0;32m  OK  [0m] Started iSCSI initiator daemon (iscsid).
[   24.011177] cloud-init[925]: +----[SHA256]-----+
[   24.129076] cloud-init[925]: Generating public/private ed25519 key pair.
         Starting Login to default iSCSI targets...
[[0;32m  OK  [0m] Reached target Sockets.
[[0;32m  OK  [0m] Reached target Basic System.
[   24.166917] cloud-init[925]: Your identification has been saved in /etc/ssh/ssh_host_ed25519_key.
[   24.269021]          cloud-initStarting Apply the settings specified in cloud-config...[925]: 
Your public key has been saved in /etc/ssh/ssh_host_ed25519_key.pub.
         Starting Accounts Service...
[   24.324547] cloud-init[925]: The key fingerprint is:
[[0;32m  OK  [0m] Started FUSE filesystem for LXC.
[   24.356500] cloud-init[925]: SHA256:gEUiAYIA+B2tDlubT03LJyR1OpifK5fM7OPeF4tI0VM root@ubuntu-xenial
[   24.415299] [cloud-init[0;32m  OK  [0m[925]: ] The key's randomart image is:Started Regular background program processing daemon.

[   24.415983] cloud-init[925]: +--[ED25519 256]--+
         Starting /etc/rc.local Compatibility...
[   24.492404] cloud-init[925]: |X.o..oo          |
[   24.568373]          cloud-initStarting LSB: MD monitoring daemon...[925]: 
|+  ..+. . . E    |
[   24.588290]          cloud-initStarting Snappy daemon...[925]: 
| . ..o.+ + .     |
[[0;32m  OK  [0m] Started Unattended Upgrades Shutdown.
[   24.618818] cloud-init[925]: |  o + +.* o      |
[   24.660365] cloud-init[925]: |   = o BS= .     |
[   24.684367]          cloud-initStarting LSB: Record successful boot for GRUB...[925]: 
|  . + . O . .    |
[   24.700785]          cloud-initStarting Pollinate to seed the pseudo random number generator...[925]: 
|     o = * . o   |
[   24.743312] cloud-init[925]: |      o X.. o    |
[[0;32m  OK  [0m] Started ACPI event daemon.
[   24.744705] cloud-init[925]: |       *+...     |
[   24.797139] cloud-init[925]: +----[SHA256]-----+
         Starting Login Service...
         Starting System Logging Service...
[[0;32m  OK  [0m] Started Deferred execution scheduler.
         Starting LXD - container startup/shutdown...
[[0;32m  OK  [0m] Started D-Bus System Message Bus.
[   24.906232] cloud-init[1024]: Generating locales (this might take a while)...
[[0;32m  OK  [0m] Started Snappy daemon.
[[0;32m  OK  [0m] Started System Logging Service.
[[0;32m  OK  [0m] Started /etc/rc.local Compatibility.
[[0;32m  OK  [0m] Started LXD - container startup/shutdown.
[[0;32m  OK  [0m] Started Pollinate to seed the pseudo random number generator.
[[0;32m  OK  [0m] Started Login to default iSCSI targets.
[[0;32m  OK  [0m] Started LSB: Record successful boot for GRUB.
[[0;32m  OK  [0m] Started LSB: MD monitoring daemon.
[[0;32m  OK  [0m] Started Login Service.
         Starting Authenticate and Authorize Users to Run Privileged Tasks...
[[0;32m  OK  [0m] Reached target Remote File Systems (Pre).
[[0;32m  OK  [0m] Reached target Remote File Systems.
         Starting LSB: VirtualBox Linux Additions...
         Starting LSB: daemon to balance interrupts for SMP systems...
         Starting LSB: Set the CPU Frequency Scaling governor to "ondemand"...
         Starting Permit User Sessions...
         Starting LSB: automatic crash report generation...
         Starting OpenBSD Secure Shell server...
         Starting Auto import assertions from block devices...
[[0;32m  OK  [0m] Started OpenBSD Secure Shell server.
[[0;32m  OK  [0m] Started Permit User Sessions.
[[0;32m  OK  [0m] Started Auto import assertions from block devices.
[[0;32m  OK  [0m] Started Authenticate and Authorize Users to Run Privileged Tasks.
[[0;32m  OK  [0m] Started Accounts Service.
[[0;32m  OK  [0m] Started LSB: Set the CPU Frequency Scaling governor to "ondemand".
[[0;32m  OK  [0m] Started LSB: daemon to balance interrupts for SMP systems.
[[0;32m  OK  [0m] Started LSB: automatic crash report generation.
         Starting Terminate Plymouth Boot Screen...
         Starting Hold until boot process finishes up...
[   25.945313] cloud-init[1024]:   en_US.UTF-8... done
[[0;32m  OK  [0m] Started LSB: VirtualBox Linux Additions.
[   25.978312] cloud-init[1024]: Generation complete.
[[0;32m  OK  [0m] Started Terminate Plymouth Boot Screen.
[[0;32m  OK  [0m] Started Hold until boot process finishes up.
[[0;32m  OK  [0m] Started Getty on tty1.
         Starting Set console scheme...
[[0;32m  OK  [0m] Started Serial Getty on ttyS0.
[[0;32m  OK  [0m] Reached target Login Prompts.
[[0;32m  OK  [0m] Reached target Multi-User System.
[[0;32m  OK  [0m] Reached target Graphical Interface.
         Starting Update UTMP about System Runlevel Changes...
[[0;32m  OK  [0m] Started Set console scheme.
[[0;32m  OK  [0m] Started Update UTMP about System Runlevel Changes.
         Stopping OpenBSD Secure Shell server...
[[0;32m  OK  [0m] Stopped OpenBSD Secure Shell server.
         Starting OpenBSD Secure Shell server...
[[0;32m  OK  [0m] Started OpenBSD Secure Shell server.
[[0;32m  OK  [0m] Created slice User Slice of ubuntu.
         Starting User Manager for UID 1000...
[[0;32m  OK  [0m] Started User Manager for UID 1000.
[[0;32m  OK  [0m] Started Session 1 of user ubuntu.
[   26.827069] cloud-init[1024]: Cloud-init v. 0.7.9 running 'modules:config' at Tue, 16 Jan 2018 15:48:43 +0000. Up 24.57 seconds.
[[0;32m  OK  [0m] Started Apply the settings specified in cloud-config.
         Starting Execute cloud user/final scripts...
ci-info: no authorized ssh keys fingerprints found for user ubuntu.
<14>Jan 16 15:48:46 ec2: 
<14>Jan 16 15:48:46 ec2: #############################################################
<14>Jan 16 15:48:46 ec2: -----BEGIN SSH HOST KEY FINGERPRINTS-----
<14>Jan 16 15:48:46 ec2: 1024 SHA256:38wRwsSgVFXL5w5ovKF8Ly55NqsBbc18C/OyhgpaAdM root@ubuntu-xenial (DSA)
<14>Jan 16 15:48:46 ec2: 256 SHA256:1mRsDfZakTJccPmnuro3OBqedBy2miaYMRQsGo4jwko root@ubuntu-xenial (ECDSA)
<14>Jan 16 15:48:46 ec2: 256 SHA256:gEUiAYIA+B2tDlubT03LJyR1OpifK5fM7OPeF4tI0VM root@ubuntu-xenial (ED25519)
<14>Jan 16 15:48:46 ec2: 2048 SHA256:mZBN5qYmgOo4Ejpi44m2c8DGJrIR8+1fonFr/WOPrPA root@ubuntu-xenial (RSA)
<14>Jan 16 15:48:46 ec2: -----END SSH HOST KEY FINGERPRINTS-----
<14>Jan 16 15:48:46 ec2: #############################################################
-----BEGIN SSH HOST KEY KEYS-----
ecdsa-sha2-nistp256 AAAAE2VjZHNhLXNoYTItbmlzdHAyNTYAAAAIbmlzdHAyNTYAAABBBFcNpp6wS3ehPgmMKLkWXn4V0AkHIqRIqlIbQQ3er73/T0lTBahJikwW8aNT2gC5wnKz/nmU5mZmKuhaDGYKTa4= root@ubuntu-xenial
ssh-ed25519 AAAAC3NzaC1lZDI1NTE5AAAAIIaRJJjvlX+hOvnVGT+nCRkOAVZfrODoAYZMHTeE06sG root@ubuntu-xenial
ssh-rsa AAAAB3NzaC1yc2EAAAADAQABAAABAQDLmOtzt060dF32bjVrxhjAQRx2DXuxAkQI/Hg2ovCt4ShIxSD3kD9avO55wa33j0qFt0zGtcI5JXYLlRpDDOamnit75is2AJdEtRALsIxrVkXGUsISTxyX3cJ7LlseHdO8MhN1KpxgyHPYwO3cWV5ZdsmTqAqzM+Q14O3Vaqsc3DouwtNTVdlUQIYvWA+gcxKw9eAsuspNAyk32FKAHmUkVnK8G80iuCbkuAxtmGHT9mgc7YaDvsddtEIf6Tdiq7a//MSanjatwEkmIKrr8yZdW+4osr9yDDHkfINGR2uMb+ypBYTcTqAFtSVYLSTw4GC0/cOZKUQspYieAqOSXOgT root@ubuntu-xenial
-----END SSH HOST KEY KEYS-----
[   28.208988] cloud-init[1353]: Cloud-init v. 0.7.9 running 'modules:final' at Tue, 16 Jan 2018 15:48:45 +0000. Up 27.31 seconds.
[   28.241119] cloud-init[1353]: ci-info: no authorized ssh keys fingerprints found for user ubuntu.
[   28.273100] cloud-init[1353]: Cloud-init v. 0.7.9 finished at Tue, 16 Jan 2018 15:48:46 +0000. Datasource DataSourceNoCloud [seed=/dev/sdb][dsmode=net].  Up 28.19 seconds
[[0;32m  OK  [0m] Started Execute cloud user/final scripts.
[[0;32m  OK  [0m] Reached target Cloud-init target.

Ubuntu 16.04.3 LTS ubuntu-xenial ttyS0

ubuntu-xenial login: 